<?xml version="1.0" encoding="UTF-8"?>
<testng-results skipped="0" failed="0" ignored="0" total="1" passed="1">
  <reporter-output>
  </reporter-output>
  <suite name="Default suite" duration-ms="75" started-at="2020-12-19T15:00:07Z" finished-at="2020-12-19T15:00:08Z">
    <groups>
    </groups>
    <test name="Default test" duration-ms="75" started-at="2020-12-19T15:00:07Z" finished-at="2020-12-19T15:00:08Z">
      <class name="com.onemonthlearning.com.onemonthlearning.Day5Challenge">
        <test-method status="PASS" signature="updatedString()[pri:0, instance:com.onemonthlearning.com.onemonthlearning.Day5Challenge@42e26948]" name="updatedString" duration-ms="22" started-at="2020-12-19T15:00:08Z" finished-at="2020-12-19T15:00:08Z">
          <reporter-output>
          </reporter-output>
        </test-method> <!-- updatedString -->
      </class> <!-- com.onemonthlearning.com.onemonthlearning.Day5Challenge -->
    </test> <!-- Default test -->
  </suite> <!-- Default suite -->
</testng-results>
